<?xml version="1.0" encoding="UTF-8"?>
<!-- Generated by org.testng.reporters.JUnitReportReporter -->
<testsuite hostname="DESKTOP-H830QQ0" failures="0" tests="5" name="tests.Practice1Test" time="20.557" errors="0" timestamp="2022-06-21T13:41:26 CDT" skipped="0">
  <testcase classname="tests.Practice1Test" name="clickRB" time="6.954"/>
  <system-out/>
  <testcase classname="tests.Practice1Test" name="selectFromDropdown" time="5.227"/>
  <system-out/>
  <testcase classname="tests.Practice1Test" name="multiSelectExample" time="0.837"/>
  <system-out/>
  <testcase classname="tests.Practice1Test" name="checkBoxExample" time="0.958"/>
  <system-out/>
  <testcase classname="tests.Practice1Test" name="loginExample" time="6.581"/>
  <system-out/>
</testsuite> <!-- tests.Practice1Test -->
