<?xml version="1.0" encoding="UTF-8"?>
<!-- Generated by org.testng.reporters.JUnitReportReporter -->
<testsuite hostname="DESKTOP-H830QQ0" failures="0" tests="5" name="tests.NewTest" time="10.645" errors="0" timestamp="2022-06-21T13:41:26 CDT" skipped="0">
  <testcase classname="tests.NewTest" name="thirdTest" time="2.915"/>
  <system-out/>
  <testcase classname="tests.NewTest" name="fifthTest" time="0.880"/>
  <system-out/>
  <testcase classname="tests.NewTest" name="fourthTest" time="0.757"/>
  <system-out/>
  <testcase classname="tests.NewTest" name="homePageTest" time="5.186"/>
  <system-out/>
  <testcase classname="tests.NewTest" name="secondTest" time="0.907"/>
  <system-out/>
</testsuite> <!-- tests.NewTest -->
